D:\Marco\Documenten\Visual Studio 2015\Projects\Angular2 web app1\Angular2 web app1\app\data.service.js
D:\Marco\Documenten\Visual Studio 2015\Projects\Angular2 web app1\Angular2 web app1\app\data.service.js.map
D:\Marco\Documenten\Visual Studio 2015\Projects\Angular2 web app1\Angular2 web app1\app\app.component.js
D:\Marco\Documenten\Visual Studio 2015\Projects\Angular2 web app1\Angular2 web app1\app\app.component.js.map
D:\Marco\Documenten\Visual Studio 2015\Projects\Angular2 web app1\Angular2 web app1\app\app.module.js
D:\Marco\Documenten\Visual Studio 2015\Projects\Angular2 web app1\Angular2 web app1\app\app.module.js.map
D:\Marco\Documenten\Visual Studio 2015\Projects\Angular2 web app1\Angular2 web app1\app\main.js
D:\Marco\Documenten\Visual Studio 2015\Projects\Angular2 web app1\Angular2 web app1\app\main.js.map
D:\Marco\Documenten\Visual Studio 2015\Projects\Angular2 web app1\Angular2 web app1\app\data.service.js
D:\Marco\Documenten\Visual Studio 2015\Projects\Angular2 web app1\Angular2 web app1\app\data.service.js.map
D:\Marco\Documenten\Visual Studio 2015\Projects\Angular2 web app1\Angular2 web app1\app\app.component.js
D:\Marco\Documenten\Visual Studio 2015\Projects\Angular2 web app1\Angular2 web app1\app\app.component.js.map
D:\Marco\Documenten\Visual Studio 2015\Projects\Angular2 web app1\Angular2 web app1\app\app.module.js
D:\Marco\Documenten\Visual Studio 2015\Projects\Angular2 web app1\Angular2 web app1\app\app.module.js.map
D:\Marco\Documenten\Visual Studio 2015\Projects\Angular2 web app1\Angular2 web app1\app\main.js
D:\Marco\Documenten\Visual Studio 2015\Projects\Angular2 web app1\Angular2 web app1\app\main.js.map
D:\Marco\Documenten\Visual Studio 2015\Projects\Angular2 web app1\Angular2 web app1\app\data.service.js
D:\Marco\Documenten\Visual Studio 2015\Projects\Angular2 web app1\Angular2 web app1\app\data.service.js.map
D:\Marco\Documenten\Visual Studio 2015\Projects\Angular2 web app1\Angular2 web app1\app\app.component.js
D:\Marco\Documenten\Visual Studio 2015\Projects\Angular2 web app1\Angular2 web app1\app\app.component.js.map
D:\Marco\Documenten\Visual Studio 2015\Projects\Angular2 web app1\Angular2 web app1\app\app.module.js
D:\Marco\Documenten\Visual Studio 2015\Projects\Angular2 web app1\Angular2 web app1\app\app.module.js.map
D:\Marco\Documenten\Visual Studio 2015\Projects\Angular2 web app1\Angular2 web app1\app\main.js
D:\Marco\Documenten\Visual Studio 2015\Projects\Angular2 web app1\Angular2 web app1\app\main.js.map
D:\Marco\Documenten\Visual Studio 2015\Projects\Angular2 web app1\Angular2 web app1\app\data.service.js
D:\Marco\Documenten\Visual Studio 2015\Projects\Angular2 web app1\Angular2 web app1\app\data.service.js.map
D:\Marco\Documenten\Visual Studio 2015\Projects\Angular2 web app1\Angular2 web app1\app\app.component.js
D:\Marco\Documenten\Visual Studio 2015\Projects\Angular2 web app1\Angular2 web app1\app\app.component.js.map
D:\Marco\Documenten\Visual Studio 2015\Projects\Angular2 web app1\Angular2 web app1\app\app.module.js
D:\Marco\Documenten\Visual Studio 2015\Projects\Angular2 web app1\Angular2 web app1\app\app.module.js.map
D:\Marco\Documenten\Visual Studio 2015\Projects\Angular2 web app1\Angular2 web app1\app\main.js
D:\Marco\Documenten\Visual Studio 2015\Projects\Angular2 web app1\Angular2 web app1\app\main.js.map
D:\Marco\Documenten\Visual Studio 2015\Projects\Angular2 web app1\Angular2 web app1\app\data.service.js
D:\Marco\Documenten\Visual Studio 2015\Projects\Angular2 web app1\Angular2 web app1\app\data.service.js.map
D:\Marco\Documenten\Visual Studio 2015\Projects\Angular2 web app1\Angular2 web app1\app\app.component.js
D:\Marco\Documenten\Visual Studio 2015\Projects\Angular2 web app1\Angular2 web app1\app\app.component.js.map
D:\Marco\Documenten\Visual Studio 2015\Projects\Angular2 web app1\Angular2 web app1\app\app.module.js
D:\Marco\Documenten\Visual Studio 2015\Projects\Angular2 web app1\Angular2 web app1\app\app.module.js.map
D:\Marco\Documenten\Visual Studio 2015\Projects\Angular2 web app1\Angular2 web app1\app\main.js
D:\Marco\Documenten\Visual Studio 2015\Projects\Angular2 web app1\Angular2 web app1\app\main.js.map
D:\Marco\Documenten\Visual Studio 2015\Projects\Angular2 web app1\Angular2 web app1\app\data.service.js
D:\Marco\Documenten\Visual Studio 2015\Projects\Angular2 web app1\Angular2 web app1\app\data.service.js.map
D:\Marco\Documenten\Visual Studio 2015\Projects\Angular2 web app1\Angular2 web app1\app\app.component.js
D:\Marco\Documenten\Visual Studio 2015\Projects\Angular2 web app1\Angular2 web app1\app\app.component.js.map
D:\Marco\Documenten\Visual Studio 2015\Projects\Angular2 web app1\Angular2 web app1\app\app.module.js
D:\Marco\Documenten\Visual Studio 2015\Projects\Angular2 web app1\Angular2 web app1\app\app.module.js.map
D:\Marco\Documenten\Visual Studio 2015\Projects\Angular2 web app1\Angular2 web app1\app\main.js
D:\Marco\Documenten\Visual Studio 2015\Projects\Angular2 web app1\Angular2 web app1\app\main.js.map
D:\Marco\Documenten\Visual Studio 2015\Projects\Angular2 web app1\Angular2 web app1\app\data.service.js
D:\Marco\Documenten\Visual Studio 2015\Projects\Angular2 web app1\Angular2 web app1\app\data.service.js.map
D:\Marco\Documenten\Visual Studio 2015\Projects\Angular2 web app1\Angular2 web app1\app\app.component.js
D:\Marco\Documenten\Visual Studio 2015\Projects\Angular2 web app1\Angular2 web app1\app\app.component.js.map
D:\Marco\Documenten\Visual Studio 2015\Projects\Angular2 web app1\Angular2 web app1\app\app.module.js
D:\Marco\Documenten\Visual Studio 2015\Projects\Angular2 web app1\Angular2 web app1\app\app.module.js.map
D:\Marco\Documenten\Visual Studio 2015\Projects\Angular2 web app1\Angular2 web app1\app\main.js
D:\Marco\Documenten\Visual Studio 2015\Projects\Angular2 web app1\Angular2 web app1\app\main.js.map
D:\Marco\Documenten\Visual Studio 2015\Projects\Angular2 web app1\Angular2 web app1\app\data.service.js
D:\Marco\Documenten\Visual Studio 2015\Projects\Angular2 web app1\Angular2 web app1\app\data.service.js.map
D:\Marco\Documenten\Visual Studio 2015\Projects\Angular2 web app1\Angular2 web app1\app\app.component.js
D:\Marco\Documenten\Visual Studio 2015\Projects\Angular2 web app1\Angular2 web app1\app\app.component.js.map
D:\Marco\Documenten\Visual Studio 2015\Projects\Angular2 web app1\Angular2 web app1\app\app.module.js
D:\Marco\Documenten\Visual Studio 2015\Projects\Angular2 web app1\Angular2 web app1\app\app.module.js.map
D:\Marco\Documenten\Visual Studio 2015\Projects\Angular2 web app1\Angular2 web app1\app\main.js
D:\Marco\Documenten\Visual Studio 2015\Projects\Angular2 web app1\Angular2 web app1\app\main.js.map
D:\Marco\Documenten\Visual Studio 2015\Projects\Angular2 web app1\Angular2 web app1\app\data.service.js
D:\Marco\Documenten\Visual Studio 2015\Projects\Angular2 web app1\Angular2 web app1\app\data.service.js.map
D:\Marco\Documenten\Visual Studio 2015\Projects\Angular2 web app1\Angular2 web app1\app\app.component.js
D:\Marco\Documenten\Visual Studio 2015\Projects\Angular2 web app1\Angular2 web app1\app\app.component.js.map
D:\Marco\Documenten\Visual Studio 2015\Projects\Angular2 web app1\Angular2 web app1\app\app.module.js
D:\Marco\Documenten\Visual Studio 2015\Projects\Angular2 web app1\Angular2 web app1\app\app.module.js.map
D:\Marco\Documenten\Visual Studio 2015\Projects\Angular2 web app1\Angular2 web app1\app\main.js
D:\Marco\Documenten\Visual Studio 2015\Projects\Angular2 web app1\Angular2 web app1\app\main.js.map
D:\Marco\Documenten\Visual Studio 2015\Projects\Angular2 web app1\Angular2 web app1\app\data.service.js
D:\Marco\Documenten\Visual Studio 2015\Projects\Angular2 web app1\Angular2 web app1\app\data.service.js.map
D:\Marco\Documenten\Visual Studio 2015\Projects\Angular2 web app1\Angular2 web app1\app\app.component.js
D:\Marco\Documenten\Visual Studio 2015\Projects\Angular2 web app1\Angular2 web app1\app\app.component.js.map
D:\Marco\Documenten\Visual Studio 2015\Projects\Angular2 web app1\Angular2 web app1\app\app.module.js
D:\Marco\Documenten\Visual Studio 2015\Projects\Angular2 web app1\Angular2 web app1\app\app.module.js.map
D:\Marco\Documenten\Visual Studio 2015\Projects\Angular2 web app1\Angular2 web app1\app\main.js
D:\Marco\Documenten\Visual Studio 2015\Projects\Angular2 web app1\Angular2 web app1\app\main.js.map
D:\Marco\Documenten\Visual Studio 2015\Projects\Angular2 web app1\Angular2 web app1\app\data.service.js
D:\Marco\Documenten\Visual Studio 2015\Projects\Angular2 web app1\Angular2 web app1\app\data.service.js.map
D:\Marco\Documenten\Visual Studio 2015\Projects\Angular2 web app1\Angular2 web app1\app\app.component.js
D:\Marco\Documenten\Visual Studio 2015\Projects\Angular2 web app1\Angular2 web app1\app\app.component.js.map
D:\Marco\Documenten\Visual Studio 2015\Projects\Angular2 web app1\Angular2 web app1\app\app.module.js
D:\Marco\Documenten\Visual Studio 2015\Projects\Angular2 web app1\Angular2 web app1\app\app.module.js.map
D:\Marco\Documenten\Visual Studio 2015\Projects\Angular2 web app1\Angular2 web app1\app\main.js
D:\Marco\Documenten\Visual Studio 2015\Projects\Angular2 web app1\Angular2 web app1\app\main.js.map
D:\Marco\Documenten\Visual Studio 2015\Projects\Angular2 web app1\Angular2 web app1\app\data.service.js
D:\Marco\Documenten\Visual Studio 2015\Projects\Angular2 web app1\Angular2 web app1\app\data.service.js.map
D:\Marco\Documenten\Visual Studio 2015\Projects\Angular2 web app1\Angular2 web app1\app\app.component.js
D:\Marco\Documenten\Visual Studio 2015\Projects\Angular2 web app1\Angular2 web app1\app\app.component.js.map
D:\Marco\Documenten\Visual Studio 2015\Projects\Angular2 web app1\Angular2 web app1\app\app.module.js
D:\Marco\Documenten\Visual Studio 2015\Projects\Angular2 web app1\Angular2 web app1\app\app.module.js.map
D:\Marco\Documenten\Visual Studio 2015\Projects\Angular2 web app1\Angular2 web app1\app\main.js
D:\Marco\Documenten\Visual Studio 2015\Projects\Angular2 web app1\Angular2 web app1\app\main.js.map
D:\Marco\Documenten\Visual Studio 2015\Projects\Angular2 web app1\Angular2 web app1\app\data.service.js
D:\Marco\Documenten\Visual Studio 2015\Projects\Angular2 web app1\Angular2 web app1\app\data.service.js.map
D:\Marco\Documenten\Visual Studio 2015\Projects\Angular2 web app1\Angular2 web app1\app\app.component.js
D:\Marco\Documenten\Visual Studio 2015\Projects\Angular2 web app1\Angular2 web app1\app\app.component.js.map
D:\Marco\Documenten\Visual Studio 2015\Projects\Angular2 web app1\Angular2 web app1\app\app.module.js
D:\Marco\Documenten\Visual Studio 2015\Projects\Angular2 web app1\Angular2 web app1\app\app.module.js.map
D:\Marco\Documenten\Visual Studio 2015\Projects\Angular2 web app1\Angular2 web app1\app\main.js
D:\Marco\Documenten\Visual Studio 2015\Projects\Angular2 web app1\Angular2 web app1\app\main.js.map
D:\Marco\Documenten\Visual Studio 2015\Projects\Angular2 web app1\Angular2 web app1\app\data.service.js
D:\Marco\Documenten\Visual Studio 2015\Projects\Angular2 web app1\Angular2 web app1\app\data.service.js.map
D:\Marco\Documenten\Visual Studio 2015\Projects\Angular2 web app1\Angular2 web app1\app\app.component.js
D:\Marco\Documenten\Visual Studio 2015\Projects\Angular2 web app1\Angular2 web app1\app\app.component.js.map
D:\Marco\Documenten\Visual Studio 2015\Projects\Angular2 web app1\Angular2 web app1\app\app.module.js
D:\Marco\Documenten\Visual Studio 2015\Projects\Angular2 web app1\Angular2 web app1\app\app.module.js.map
D:\Marco\Documenten\Visual Studio 2015\Projects\Angular2 web app1\Angular2 web app1\app\main.js
D:\Marco\Documenten\Visual Studio 2015\Projects\Angular2 web app1\Angular2 web app1\app\main.js.map
D:\Marco\Documenten\Visual Studio 2015\Projects\Angular2 web app1\Angular2 web app1\app\data.service.js
D:\Marco\Documenten\Visual Studio 2015\Projects\Angular2 web app1\Angular2 web app1\app\data.service.js.map
D:\Marco\Documenten\Visual Studio 2015\Projects\Angular2 web app1\Angular2 web app1\app\app.component.js
D:\Marco\Documenten\Visual Studio 2015\Projects\Angular2 web app1\Angular2 web app1\app\app.component.js.map
D:\Marco\Documenten\Visual Studio 2015\Projects\Angular2 web app1\Angular2 web app1\app\app.module.js
D:\Marco\Documenten\Visual Studio 2015\Projects\Angular2 web app1\Angular2 web app1\app\app.module.js.map
D:\Marco\Documenten\Visual Studio 2015\Projects\Angular2 web app1\Angular2 web app1\app\main.js
D:\Marco\Documenten\Visual Studio 2015\Projects\Angular2 web app1\Angular2 web app1\app\main.js.map
D:\Marco\Documenten\Visual Studio 2015\Projects\Angular2 web app1\Angular2 web app1\app\data.service.js
D:\Marco\Documenten\Visual Studio 2015\Projects\Angular2 web app1\Angular2 web app1\app\data.service.js.map
D:\Marco\Documenten\Visual Studio 2015\Projects\Angular2 web app1\Angular2 web app1\app\app.component.js
D:\Marco\Documenten\Visual Studio 2015\Projects\Angular2 web app1\Angular2 web app1\app\app.component.js.map
D:\Marco\Documenten\Visual Studio 2015\Projects\Angular2 web app1\Angular2 web app1\app\app.module.js
D:\Marco\Documenten\Visual Studio 2015\Projects\Angular2 web app1\Angular2 web app1\app\app.module.js.map
D:\Marco\Documenten\Visual Studio 2015\Projects\Angular2 web app1\Angular2 web app1\app\main.js
D:\Marco\Documenten\Visual Studio 2015\Projects\Angular2 web app1\Angular2 web app1\app\main.js.map
D:\Marco\Documenten\Visual Studio 2015\Projects\Angular2 web app1\Angular2 web app1\app\data.service.js
D:\Marco\Documenten\Visual Studio 2015\Projects\Angular2 web app1\Angular2 web app1\app\data.service.js.map
D:\Marco\Documenten\Visual Studio 2015\Projects\Angular2 web app1\Angular2 web app1\app\app.component.js
D:\Marco\Documenten\Visual Studio 2015\Projects\Angular2 web app1\Angular2 web app1\app\app.component.js.map
D:\Marco\Documenten\Visual Studio 2015\Projects\Angular2 web app1\Angular2 web app1\app\app.module.js
D:\Marco\Documenten\Visual Studio 2015\Projects\Angular2 web app1\Angular2 web app1\app\app.module.js.map
D:\Marco\Documenten\Visual Studio 2015\Projects\Angular2 web app1\Angular2 web app1\app\main.js
D:\Marco\Documenten\Visual Studio 2015\Projects\Angular2 web app1\Angular2 web app1\app\main.js.map
D:\Marco\Documenten\Visual Studio 2015\Projects\Angular2 web app1\Angular2 web app1\app\data.service.js
D:\Marco\Documenten\Visual Studio 2015\Projects\Angular2 web app1\Angular2 web app1\app\data.service.js.map
D:\Marco\Documenten\Visual Studio 2015\Projects\Angular2 web app1\Angular2 web app1\app\app.component.js
D:\Marco\Documenten\Visual Studio 2015\Projects\Angular2 web app1\Angular2 web app1\app\app.component.js.map
D:\Marco\Documenten\Visual Studio 2015\Projects\Angular2 web app1\Angular2 web app1\app\app.module.js
D:\Marco\Documenten\Visual Studio 2015\Projects\Angular2 web app1\Angular2 web app1\app\app.module.js.map
D:\Marco\Documenten\Visual Studio 2015\Projects\Angular2 web app1\Angular2 web app1\app\main.js
D:\Marco\Documenten\Visual Studio 2015\Projects\Angular2 web app1\Angular2 web app1\app\main.js.map
D:\Marco\Documenten\Visual Studio 2015\Projects\Angular2 web app1\Angular2 web app1\app\data.service.js
D:\Marco\Documenten\Visual Studio 2015\Projects\Angular2 web app1\Angular2 web app1\app\data.service.js.map
D:\Marco\Documenten\Visual Studio 2015\Projects\Angular2 web app1\Angular2 web app1\app\app.component.js
D:\Marco\Documenten\Visual Studio 2015\Projects\Angular2 web app1\Angular2 web app1\app\app.component.js.map
D:\Marco\Documenten\Visual Studio 2015\Projects\Angular2 web app1\Angular2 web app1\app\app.module.js
D:\Marco\Documenten\Visual Studio 2015\Projects\Angular2 web app1\Angular2 web app1\app\app.module.js.map
D:\Marco\Documenten\Visual Studio 2015\Projects\Angular2 web app1\Angular2 web app1\app\main.js
D:\Marco\Documenten\Visual Studio 2015\Projects\Angular2 web app1\Angular2 web app1\app\main.js.map
D:\Marco\Documenten\Visual Studio 2015\Projects\Angular2 web app1\Angular2 web app1\app\data.service.js
D:\Marco\Documenten\Visual Studio 2015\Projects\Angular2 web app1\Angular2 web app1\app\data.service.js.map
D:\Marco\Documenten\Visual Studio 2015\Projects\Angular2 web app1\Angular2 web app1\app\app.component.js
D:\Marco\Documenten\Visual Studio 2015\Projects\Angular2 web app1\Angular2 web app1\app\app.component.js.map
D:\Marco\Documenten\Visual Studio 2015\Projects\Angular2 web app1\Angular2 web app1\app\app.module.js
D:\Marco\Documenten\Visual Studio 2015\Projects\Angular2 web app1\Angular2 web app1\app\app.module.js.map
D:\Marco\Documenten\Visual Studio 2015\Projects\Angular2 web app1\Angular2 web app1\app\main.js
D:\Marco\Documenten\Visual Studio 2015\Projects\Angular2 web app1\Angular2 web app1\app\main.js.map
D:\Marco\Documenten\Visual Studio 2015\Projects\Angular2 web app1\Angular2 web app1\app\data.service.js
D:\Marco\Documenten\Visual Studio 2015\Projects\Angular2 web app1\Angular2 web app1\app\data.service.js.map
D:\Marco\Documenten\Visual Studio 2015\Projects\Angular2 web app1\Angular2 web app1\app\app.component.js
D:\Marco\Documenten\Visual Studio 2015\Projects\Angular2 web app1\Angular2 web app1\app\app.component.js.map
D:\Marco\Documenten\Visual Studio 2015\Projects\Angular2 web app1\Angular2 web app1\app\app.module.js
D:\Marco\Documenten\Visual Studio 2015\Projects\Angular2 web app1\Angular2 web app1\app\app.module.js.map
D:\Marco\Documenten\Visual Studio 2015\Projects\Angular2 web app1\Angular2 web app1\app\main.js
D:\Marco\Documenten\Visual Studio 2015\Projects\Angular2 web app1\Angular2 web app1\app\main.js.map
D:\Marco\Documenten\Visual Studio 2015\Projects\Angular2 web app1\Angular2 web app1\app\data.service.js
D:\Marco\Documenten\Visual Studio 2015\Projects\Angular2 web app1\Angular2 web app1\app\data.service.js.map
D:\Marco\Documenten\Visual Studio 2015\Projects\Angular2 web app1\Angular2 web app1\app\app.component.js
D:\Marco\Documenten\Visual Studio 2015\Projects\Angular2 web app1\Angular2 web app1\app\app.component.js.map
D:\Marco\Documenten\Visual Studio 2015\Projects\Angular2 web app1\Angular2 web app1\app\app.module.js
D:\Marco\Documenten\Visual Studio 2015\Projects\Angular2 web app1\Angular2 web app1\app\app.module.js.map
D:\Marco\Documenten\Visual Studio 2015\Projects\Angular2 web app1\Angular2 web app1\app\main.js
D:\Marco\Documenten\Visual Studio 2015\Projects\Angular2 web app1\Angular2 web app1\app\main.js.map
D:\Marco\Documenten\Visual Studio 2015\Projects\Angular2 web app1\Angular2 web app1\app\data.service.js
D:\Marco\Documenten\Visual Studio 2015\Projects\Angular2 web app1\Angular2 web app1\app\data.service.js.map
D:\Marco\Documenten\Visual Studio 2015\Projects\Angular2 web app1\Angular2 web app1\app\app.component.js
D:\Marco\Documenten\Visual Studio 2015\Projects\Angular2 web app1\Angular2 web app1\app\app.component.js.map
D:\Marco\Documenten\Visual Studio 2015\Projects\Angular2 web app1\Angular2 web app1\app\app.module.js
D:\Marco\Documenten\Visual Studio 2015\Projects\Angular2 web app1\Angular2 web app1\app\app.module.js.map
D:\Marco\Documenten\Visual Studio 2015\Projects\Angular2 web app1\Angular2 web app1\app\main.js
D:\Marco\Documenten\Visual Studio 2015\Projects\Angular2 web app1\Angular2 web app1\app\main.js.map
D:\Marco\Documenten\Visual Studio 2015\Projects\Angular2 web app1\Angular2 web app1\app\data.service.js
D:\Marco\Documenten\Visual Studio 2015\Projects\Angular2 web app1\Angular2 web app1\app\data.service.js.map
D:\Marco\Documenten\Visual Studio 2015\Projects\Angular2 web app1\Angular2 web app1\app\app.component.js
D:\Marco\Documenten\Visual Studio 2015\Projects\Angular2 web app1\Angular2 web app1\app\app.component.js.map
D:\Marco\Documenten\Visual Studio 2015\Projects\Angular2 web app1\Angular2 web app1\app\app.module.js
D:\Marco\Documenten\Visual Studio 2015\Projects\Angular2 web app1\Angular2 web app1\app\app.module.js.map
D:\Marco\Documenten\Visual Studio 2015\Projects\Angular2 web app1\Angular2 web app1\app\main.js
D:\Marco\Documenten\Visual Studio 2015\Projects\Angular2 web app1\Angular2 web app1\app\main.js.map
D:\Marco\Documenten\Force.Accessmanagement-afstuderen\Prototype\VeOpenIdConnectClient\VeOpenIdConnectClient\app\data.service.js
D:\Marco\Documenten\Force.Accessmanagement-afstuderen\Prototype\VeOpenIdConnectClient\VeOpenIdConnectClient\app\data.service.js.map
D:\Marco\Documenten\Force.Accessmanagement-afstuderen\Prototype\VeOpenIdConnectClient\VeOpenIdConnectClient\app\app.component.js
D:\Marco\Documenten\Force.Accessmanagement-afstuderen\Prototype\VeOpenIdConnectClient\VeOpenIdConnectClient\app\app.component.js.map
D:\Marco\Documenten\Force.Accessmanagement-afstuderen\Prototype\VeOpenIdConnectClient\VeOpenIdConnectClient\app\app.module.js
D:\Marco\Documenten\Force.Accessmanagement-afstuderen\Prototype\VeOpenIdConnectClient\VeOpenIdConnectClient\app\app.module.js.map
D:\Marco\Documenten\Force.Accessmanagement-afstuderen\Prototype\VeOpenIdConnectClient\VeOpenIdConnectClient\app\main.js
D:\Marco\Documenten\Force.Accessmanagement-afstuderen\Prototype\VeOpenIdConnectClient\VeOpenIdConnectClient\app\main.js.map
D:\Marco\Documenten\Force.Accessmanagement-afstuderen\Prototype\VeOpenIdConnectClient\VeOpenIdConnectClient\app\data.service.js
D:\Marco\Documenten\Force.Accessmanagement-afstuderen\Prototype\VeOpenIdConnectClient\VeOpenIdConnectClient\app\data.service.js.map
D:\Marco\Documenten\Force.Accessmanagement-afstuderen\Prototype\VeOpenIdConnectClient\VeOpenIdConnectClient\app\app.component.js
D:\Marco\Documenten\Force.Accessmanagement-afstuderen\Prototype\VeOpenIdConnectClient\VeOpenIdConnectClient\app\app.component.js.map
D:\Marco\Documenten\Force.Accessmanagement-afstuderen\Prototype\VeOpenIdConnectClient\VeOpenIdConnectClient\app\app.module.js
D:\Marco\Documenten\Force.Accessmanagement-afstuderen\Prototype\VeOpenIdConnectClient\VeOpenIdConnectClient\app\app.module.js.map
D:\Marco\Documenten\Force.Accessmanagement-afstuderen\Prototype\VeOpenIdConnectClient\VeOpenIdConnectClient\app\main.js
D:\Marco\Documenten\Force.Accessmanagement-afstuderen\Prototype\VeOpenIdConnectClient\VeOpenIdConnectClient\app\main.js.map
D:\Marco\Documenten\Force.Accessmanagement-afstuderen\Prototype\VeOpenIdConnectClient\VeOpenIdConnectClient\app\data.service.js
D:\Marco\Documenten\Force.Accessmanagement-afstuderen\Prototype\VeOpenIdConnectClient\VeOpenIdConnectClient\app\data.service.js.map
D:\Marco\Documenten\Force.Accessmanagement-afstuderen\Prototype\VeOpenIdConnectClient\VeOpenIdConnectClient\app\app.component.js
D:\Marco\Documenten\Force.Accessmanagement-afstuderen\Prototype\VeOpenIdConnectClient\VeOpenIdConnectClient\app\app.component.js.map
D:\Marco\Documenten\Force.Accessmanagement-afstuderen\Prototype\VeOpenIdConnectClient\VeOpenIdConnectClient\app\app.module.js
D:\Marco\Documenten\Force.Accessmanagement-afstuderen\Prototype\VeOpenIdConnectClient\VeOpenIdConnectClient\app\app.module.js.map
D:\Marco\Documenten\Force.Accessmanagement-afstuderen\Prototype\VeOpenIdConnectClient\VeOpenIdConnectClient\app\main.js
D:\Marco\Documenten\Force.Accessmanagement-afstuderen\Prototype\VeOpenIdConnectClient\VeOpenIdConnectClient\app\main.js.map
D:\Marco\Documenten\Force.Accessmanagement-afstuderen\Prototype\VeOpenIdConnectClient\VeOpenIdConnectClient\app\data.service.js
D:\Marco\Documenten\Force.Accessmanagement-afstuderen\Prototype\VeOpenIdConnectClient\VeOpenIdConnectClient\app\data.service.js.map
D:\Marco\Documenten\Force.Accessmanagement-afstuderen\Prototype\VeOpenIdConnectClient\VeOpenIdConnectClient\app\app.component.js
D:\Marco\Documenten\Force.Accessmanagement-afstuderen\Prototype\VeOpenIdConnectClient\VeOpenIdConnectClient\app\app.component.js.map
D:\Marco\Documenten\Force.Accessmanagement-afstuderen\Prototype\VeOpenIdConnectClient\VeOpenIdConnectClient\app\app.module.js
D:\Marco\Documenten\Force.Accessmanagement-afstuderen\Prototype\VeOpenIdConnectClient\VeOpenIdConnectClient\app\app.module.js.map
D:\Marco\Documenten\Force.Accessmanagement-afstuderen\Prototype\VeOpenIdConnectClient\VeOpenIdConnectClient\app\main.js
D:\Marco\Documenten\Force.Accessmanagement-afstuderen\Prototype\VeOpenIdConnectClient\VeOpenIdConnectClient\app\main.js.map
D:\Marco\Documenten\Force.Accessmanagement-afstuderen\Prototype\VeOpenIdConnectClient\VeOpenIdConnectClient\app\data.service.js
D:\Marco\Documenten\Force.Accessmanagement-afstuderen\Prototype\VeOpenIdConnectClient\VeOpenIdConnectClient\app\data.service.js.map
D:\Marco\Documenten\Force.Accessmanagement-afstuderen\Prototype\VeOpenIdConnectClient\VeOpenIdConnectClient\app\app.component.js
D:\Marco\Documenten\Force.Accessmanagement-afstuderen\Prototype\VeOpenIdConnectClient\VeOpenIdConnectClient\app\app.component.js.map
D:\Marco\Documenten\Force.Accessmanagement-afstuderen\Prototype\VeOpenIdConnectClient\VeOpenIdConnectClient\app\app.module.js
D:\Marco\Documenten\Force.Accessmanagement-afstuderen\Prototype\VeOpenIdConnectClient\VeOpenIdConnectClient\app\app.module.js.map
D:\Marco\Documenten\Force.Accessmanagement-afstuderen\Prototype\VeOpenIdConnectClient\VeOpenIdConnectClient\app\main.js
D:\Marco\Documenten\Force.Accessmanagement-afstuderen\Prototype\VeOpenIdConnectClient\VeOpenIdConnectClient\app\main.js.map
D:\Marco\Documenten\Force.Accessmanagement-afstuderen\Prototype\VeOpenIdConnectClient\VeOpenIdConnectClient\app\data.service.js
D:\Marco\Documenten\Force.Accessmanagement-afstuderen\Prototype\VeOpenIdConnectClient\VeOpenIdConnectClient\app\data.service.js.map
D:\Marco\Documenten\Force.Accessmanagement-afstuderen\Prototype\VeOpenIdConnectClient\VeOpenIdConnectClient\app\app.component.js
D:\Marco\Documenten\Force.Accessmanagement-afstuderen\Prototype\VeOpenIdConnectClient\VeOpenIdConnectClient\app\app.component.js.map
D:\Marco\Documenten\Force.Accessmanagement-afstuderen\Prototype\VeOpenIdConnectClient\VeOpenIdConnectClient\app\app.module.js
D:\Marco\Documenten\Force.Accessmanagement-afstuderen\Prototype\VeOpenIdConnectClient\VeOpenIdConnectClient\app\app.module.js.map
D:\Marco\Documenten\Force.Accessmanagement-afstuderen\Prototype\VeOpenIdConnectClient\VeOpenIdConnectClient\app\main.js
D:\Marco\Documenten\Force.Accessmanagement-afstuderen\Prototype\VeOpenIdConnectClient\VeOpenIdConnectClient\app\main.js.map
D:\Marco\Documenten\Force.Accessmanagement-afstuderen\Prototype\VeOpenIdConnectClient\VeOpenIdConnectClient\app\data.service.js
D:\Marco\Documenten\Force.Accessmanagement-afstuderen\Prototype\VeOpenIdConnectClient\VeOpenIdConnectClient\app\data.service.js.map
D:\Marco\Documenten\Force.Accessmanagement-afstuderen\Prototype\VeOpenIdConnectClient\VeOpenIdConnectClient\app\app.component.js
D:\Marco\Documenten\Force.Accessmanagement-afstuderen\Prototype\VeOpenIdConnectClient\VeOpenIdConnectClient\app\app.component.js.map
D:\Marco\Documenten\Force.Accessmanagement-afstuderen\Prototype\VeOpenIdConnectClient\VeOpenIdConnectClient\app\app.module.js
D:\Marco\Documenten\Force.Accessmanagement-afstuderen\Prototype\VeOpenIdConnectClient\VeOpenIdConnectClient\app\app.module.js.map
D:\Marco\Documenten\Force.Accessmanagement-afstuderen\Prototype\VeOpenIdConnectClient\VeOpenIdConnectClient\app\main.js
D:\Marco\Documenten\Force.Accessmanagement-afstuderen\Prototype\VeOpenIdConnectClient\VeOpenIdConnectClient\app\main.js.map
D:\Marco\Documenten\Force.Accessmanagement-afstuderen\Prototype\VeOpenIdConnectClient\VeOpenIdConnectClient\app\data.service.js
D:\Marco\Documenten\Force.Accessmanagement-afstuderen\Prototype\VeOpenIdConnectClient\VeOpenIdConnectClient\app\data.service.js.map
D:\Marco\Documenten\Force.Accessmanagement-afstuderen\Prototype\VeOpenIdConnectClient\VeOpenIdConnectClient\app\app.component.js
D:\Marco\Documenten\Force.Accessmanagement-afstuderen\Prototype\VeOpenIdConnectClient\VeOpenIdConnectClient\app\app.component.js.map
D:\Marco\Documenten\Force.Accessmanagement-afstuderen\Prototype\VeOpenIdConnectClient\VeOpenIdConnectClient\app\app.module.js
D:\Marco\Documenten\Force.Accessmanagement-afstuderen\Prototype\VeOpenIdConnectClient\VeOpenIdConnectClient\app\app.module.js.map
D:\Marco\Documenten\Force.Accessmanagement-afstuderen\Prototype\VeOpenIdConnectClient\VeOpenIdConnectClient\app\main.js
D:\Marco\Documenten\Force.Accessmanagement-afstuderen\Prototype\VeOpenIdConnectClient\VeOpenIdConnectClient\app\main.js.map
D:\Marco\Documenten\Force.Accessmanagement-afstuderen\Prototype\VeOpenIdConnectClient\VeOpenIdConnectClient\app\data.service.js
D:\Marco\Documenten\Force.Accessmanagement-afstuderen\Prototype\VeOpenIdConnectClient\VeOpenIdConnectClient\app\data.service.js.map
D:\Marco\Documenten\Force.Accessmanagement-afstuderen\Prototype\VeOpenIdConnectClient\VeOpenIdConnectClient\app\app.component.js
D:\Marco\Documenten\Force.Accessmanagement-afstuderen\Prototype\VeOpenIdConnectClient\VeOpenIdConnectClient\app\app.component.js.map
D:\Marco\Documenten\Force.Accessmanagement-afstuderen\Prototype\VeOpenIdConnectClient\VeOpenIdConnectClient\app\app.module.js
D:\Marco\Documenten\Force.Accessmanagement-afstuderen\Prototype\VeOpenIdConnectClient\VeOpenIdConnectClient\app\app.module.js.map
D:\Marco\Documenten\Force.Accessmanagement-afstuderen\Prototype\VeOpenIdConnectClient\VeOpenIdConnectClient\app\main.js
D:\Marco\Documenten\Force.Accessmanagement-afstuderen\Prototype\VeOpenIdConnectClient\VeOpenIdConnectClient\app\main.js.map
D:\Marco\Documenten\Force.Accessmanagement-afstuderen\Prototype\VeOpenIdConnectClient\VeOpenIdConnectClient\app\data.service.js
D:\Marco\Documenten\Force.Accessmanagement-afstuderen\Prototype\VeOpenIdConnectClient\VeOpenIdConnectClient\app\data.service.js.map
D:\Marco\Documenten\Force.Accessmanagement-afstuderen\Prototype\VeOpenIdConnectClient\VeOpenIdConnectClient\app\app.component.js
D:\Marco\Documenten\Force.Accessmanagement-afstuderen\Prototype\VeOpenIdConnectClient\VeOpenIdConnectClient\app\app.component.js.map
D:\Marco\Documenten\Force.Accessmanagement-afstuderen\Prototype\VeOpenIdConnectClient\VeOpenIdConnectClient\app\app.module.js
D:\Marco\Documenten\Force.Accessmanagement-afstuderen\Prototype\VeOpenIdConnectClient\VeOpenIdConnectClient\app\app.module.js.map
D:\Marco\Documenten\Force.Accessmanagement-afstuderen\Prototype\VeOpenIdConnectClient\VeOpenIdConnectClient\app\main.js
D:\Marco\Documenten\Force.Accessmanagement-afstuderen\Prototype\VeOpenIdConnectClient\VeOpenIdConnectClient\app\main.js.map
D:\Marco\Documenten\Force.Accessmanagement-afstuderen\Prototype\VeOpenIdConnectClient\VeOpenIdConnectClient\app\data.service.js
D:\Marco\Documenten\Force.Accessmanagement-afstuderen\Prototype\VeOpenIdConnectClient\VeOpenIdConnectClient\app\data.service.js.map
D:\Marco\Documenten\Force.Accessmanagement-afstuderen\Prototype\VeOpenIdConnectClient\VeOpenIdConnectClient\app\app.component.js
D:\Marco\Documenten\Force.Accessmanagement-afstuderen\Prototype\VeOpenIdConnectClient\VeOpenIdConnectClient\app\app.component.js.map
D:\Marco\Documenten\Force.Accessmanagement-afstuderen\Prototype\VeOpenIdConnectClient\VeOpenIdConnectClient\app\app.module.js
D:\Marco\Documenten\Force.Accessmanagement-afstuderen\Prototype\VeOpenIdConnectClient\VeOpenIdConnectClient\app\app.module.js.map
D:\Marco\Documenten\Force.Accessmanagement-afstuderen\Prototype\VeOpenIdConnectClient\VeOpenIdConnectClient\app\main.js
D:\Marco\Documenten\Force.Accessmanagement-afstuderen\Prototype\VeOpenIdConnectClient\VeOpenIdConnectClient\app\main.js.map
D:\Marco\Documenten\Force.Accessmanagement-afstuderen\Prototype\VeOpenIdConnectClient\VeOpenIdConnectClient\app\data.service.js
D:\Marco\Documenten\Force.Accessmanagement-afstuderen\Prototype\VeOpenIdConnectClient\VeOpenIdConnectClient\app\data.service.js.map
D:\Marco\Documenten\Force.Accessmanagement-afstuderen\Prototype\VeOpenIdConnectClient\VeOpenIdConnectClient\app\app.component.js
D:\Marco\Documenten\Force.Accessmanagement-afstuderen\Prototype\VeOpenIdConnectClient\VeOpenIdConnectClient\app\app.component.js.map
D:\Marco\Documenten\Force.Accessmanagement-afstuderen\Prototype\VeOpenIdConnectClient\VeOpenIdConnectClient\app\app.module.js
D:\Marco\Documenten\Force.Accessmanagement-afstuderen\Prototype\VeOpenIdConnectClient\VeOpenIdConnectClient\app\app.module.js.map
D:\Marco\Documenten\Force.Accessmanagement-afstuderen\Prototype\VeOpenIdConnectClient\VeOpenIdConnectClient\app\main.js
D:\Marco\Documenten\Force.Accessmanagement-afstuderen\Prototype\VeOpenIdConnectClient\VeOpenIdConnectClient\app\main.js.map
D:\Marco\Documenten\Force.Accessmanagement-afstuderen\Prototype\VeOpenIdConnectClient\VeOpenIdConnectClient\app\data.service.js
D:\Marco\Documenten\Force.Accessmanagement-afstuderen\Prototype\VeOpenIdConnectClient\VeOpenIdConnectClient\app\data.service.js.map
D:\Marco\Documenten\Force.Accessmanagement-afstuderen\Prototype\VeOpenIdConnectClient\VeOpenIdConnectClient\app\app.component.js
D:\Marco\Documenten\Force.Accessmanagement-afstuderen\Prototype\VeOpenIdConnectClient\VeOpenIdConnectClient\app\app.component.js.map
D:\Marco\Documenten\Force.Accessmanagement-afstuderen\Prototype\VeOpenIdConnectClient\VeOpenIdConnectClient\app\app.module.js
D:\Marco\Documenten\Force.Accessmanagement-afstuderen\Prototype\VeOpenIdConnectClient\VeOpenIdConnectClient\app\app.module.js.map
D:\Marco\Documenten\Force.Accessmanagement-afstuderen\Prototype\VeOpenIdConnectClient\VeOpenIdConnectClient\app\main.js
D:\Marco\Documenten\Force.Accessmanagement-afstuderen\Prototype\VeOpenIdConnectClient\VeOpenIdConnectClient\app\main.js.map
D:\Marco\Documenten\Force.Accessmanagement-afstuderen\Prototype\VeOpenIdConnectClient\VeOpenIdConnectClient\app\data.service.js
D:\Marco\Documenten\Force.Accessmanagement-afstuderen\Prototype\VeOpenIdConnectClient\VeOpenIdConnectClient\app\data.service.js.map
D:\Marco\Documenten\Force.Accessmanagement-afstuderen\Prototype\VeOpenIdConnectClient\VeOpenIdConnectClient\app\app.component.js
D:\Marco\Documenten\Force.Accessmanagement-afstuderen\Prototype\VeOpenIdConnectClient\VeOpenIdConnectClient\app\app.component.js.map
D:\Marco\Documenten\Force.Accessmanagement-afstuderen\Prototype\VeOpenIdConnectClient\VeOpenIdConnectClient\app\app.module.js
D:\Marco\Documenten\Force.Accessmanagement-afstuderen\Prototype\VeOpenIdConnectClient\VeOpenIdConnectClient\app\app.module.js.map
D:\Marco\Documenten\Force.Accessmanagement-afstuderen\Prototype\VeOpenIdConnectClient\VeOpenIdConnectClient\app\main.js
D:\Marco\Documenten\Force.Accessmanagement-afstuderen\Prototype\VeOpenIdConnectClient\VeOpenIdConnectClient\app\main.js.map
D:\Marco\Documenten\Force.Accessmanagement-afstuderen\Prototype\VeOpenIdConnectClient\VeOpenIdConnectClient\app\data.service.js
D:\Marco\Documenten\Force.Accessmanagement-afstuderen\Prototype\VeOpenIdConnectClient\VeOpenIdConnectClient\app\data.service.js.map
D:\Marco\Documenten\Force.Accessmanagement-afstuderen\Prototype\VeOpenIdConnectClient\VeOpenIdConnectClient\app\app.component.js
D:\Marco\Documenten\Force.Accessmanagement-afstuderen\Prototype\VeOpenIdConnectClient\VeOpenIdConnectClient\app\app.component.js.map
D:\Marco\Documenten\Force.Accessmanagement-afstuderen\Prototype\VeOpenIdConnectClient\VeOpenIdConnectClient\app\app.module.js
D:\Marco\Documenten\Force.Accessmanagement-afstuderen\Prototype\VeOpenIdConnectClient\VeOpenIdConnectClient\app\app.module.js.map
D:\Marco\Documenten\Force.Accessmanagement-afstuderen\Prototype\VeOpenIdConnectClient\VeOpenIdConnectClient\app\main.js
D:\Marco\Documenten\Force.Accessmanagement-afstuderen\Prototype\VeOpenIdConnectClient\VeOpenIdConnectClient\app\main.js.map
D:\Marco\Documenten\Force.Accessmanagement-afstuderen\Prototype\VeOpenIdConnectClient\VeOpenIdConnectClient\app\data.service.js
D:\Marco\Documenten\Force.Accessmanagement-afstuderen\Prototype\VeOpenIdConnectClient\VeOpenIdConnectClient\app\data.service.js.map
D:\Marco\Documenten\Force.Accessmanagement-afstuderen\Prototype\VeOpenIdConnectClient\VeOpenIdConnectClient\app\app.component.js
D:\Marco\Documenten\Force.Accessmanagement-afstuderen\Prototype\VeOpenIdConnectClient\VeOpenIdConnectClient\app\app.component.js.map
D:\Marco\Documenten\Force.Accessmanagement-afstuderen\Prototype\VeOpenIdConnectClient\VeOpenIdConnectClient\app\app.module.js
D:\Marco\Documenten\Force.Accessmanagement-afstuderen\Prototype\VeOpenIdConnectClient\VeOpenIdConnectClient\app\app.module.js.map
D:\Marco\Documenten\Force.Accessmanagement-afstuderen\Prototype\VeOpenIdConnectClient\VeOpenIdConnectClient\app\main.js
D:\Marco\Documenten\Force.Accessmanagement-afstuderen\Prototype\VeOpenIdConnectClient\VeOpenIdConnectClient\app\main.js.map
D:\Marco\Documenten\Force.Accessmanagement-afstuderen\Prototype\VeOpenIdConnectClient\VeOpenIdConnectClient\app\data.service.js
D:\Marco\Documenten\Force.Accessmanagement-afstuderen\Prototype\VeOpenIdConnectClient\VeOpenIdConnectClient\app\data.service.js.map
D:\Marco\Documenten\Force.Accessmanagement-afstuderen\Prototype\VeOpenIdConnectClient\VeOpenIdConnectClient\app\app.component.js
D:\Marco\Documenten\Force.Accessmanagement-afstuderen\Prototype\VeOpenIdConnectClient\VeOpenIdConnectClient\app\app.component.js.map
D:\Marco\Documenten\Force.Accessmanagement-afstuderen\Prototype\VeOpenIdConnectClient\VeOpenIdConnectClient\app\app.module.js
D:\Marco\Documenten\Force.Accessmanagement-afstuderen\Prototype\VeOpenIdConnectClient\VeOpenIdConnectClient\app\app.module.js.map
D:\Marco\Documenten\Force.Accessmanagement-afstuderen\Prototype\VeOpenIdConnectClient\VeOpenIdConnectClient\app\main.js
D:\Marco\Documenten\Force.Accessmanagement-afstuderen\Prototype\VeOpenIdConnectClient\VeOpenIdConnectClient\app\main.js.map
D:\Marco\Documenten\Force.Accessmanagement-afstuderen\Prototype\VeOpenIdConnectClient\VeOpenIdConnectClient\app\data.service.js
D:\Marco\Documenten\Force.Accessmanagement-afstuderen\Prototype\VeOpenIdConnectClient\VeOpenIdConnectClient\app\data.service.js.map
D:\Marco\Documenten\Force.Accessmanagement-afstuderen\Prototype\VeOpenIdConnectClient\VeOpenIdConnectClient\app\app.component.js
D:\Marco\Documenten\Force.Accessmanagement-afstuderen\Prototype\VeOpenIdConnectClient\VeOpenIdConnectClient\app\app.component.js.map
D:\Marco\Documenten\Force.Accessmanagement-afstuderen\Prototype\VeOpenIdConnectClient\VeOpenIdConnectClient\app\app.module.js
D:\Marco\Documenten\Force.Accessmanagement-afstuderen\Prototype\VeOpenIdConnectClient\VeOpenIdConnectClient\app\app.module.js.map
D:\Marco\Documenten\Force.Accessmanagement-afstuderen\Prototype\VeOpenIdConnectClient\VeOpenIdConnectClient\app\main.js
D:\Marco\Documenten\Force.Accessmanagement-afstuderen\Prototype\VeOpenIdConnectClient\VeOpenIdConnectClient\app\main.js.map
D:\Marco\Documenten\Force.Accessmanagement-afstuderen\Prototype\VeOpenIdConnectClient\VeOpenIdConnectClient\app\data.service.js
D:\Marco\Documenten\Force.Accessmanagement-afstuderen\Prototype\VeOpenIdConnectClient\VeOpenIdConnectClient\app\data.service.js.map
D:\Marco\Documenten\Force.Accessmanagement-afstuderen\Prototype\VeOpenIdConnectClient\VeOpenIdConnectClient\app\app.component.js
D:\Marco\Documenten\Force.Accessmanagement-afstuderen\Prototype\VeOpenIdConnectClient\VeOpenIdConnectClient\app\app.component.js.map
D:\Marco\Documenten\Force.Accessmanagement-afstuderen\Prototype\VeOpenIdConnectClient\VeOpenIdConnectClient\app\app.module.js
D:\Marco\Documenten\Force.Accessmanagement-afstuderen\Prototype\VeOpenIdConnectClient\VeOpenIdConnectClient\app\app.module.js.map
D:\Marco\Documenten\Force.Accessmanagement-afstuderen\Prototype\VeOpenIdConnectClient\VeOpenIdConnectClient\app\main.js
D:\Marco\Documenten\Force.Accessmanagement-afstuderen\Prototype\VeOpenIdConnectClient\VeOpenIdConnectClient\app\main.js.map
D:\Marco\Documenten\Force.Accessmanagement-afstuderen\Prototype\VeOpenIdConnectClient\VeOpenIdConnectClient\app\data.service.js
D:\Marco\Documenten\Force.Accessmanagement-afstuderen\Prototype\VeOpenIdConnectClient\VeOpenIdConnectClient\app\data.service.js.map
D:\Marco\Documenten\Force.Accessmanagement-afstuderen\Prototype\VeOpenIdConnectClient\VeOpenIdConnectClient\app\app.component.js
D:\Marco\Documenten\Force.Accessmanagement-afstuderen\Prototype\VeOpenIdConnectClient\VeOpenIdConnectClient\app\app.component.js.map
D:\Marco\Documenten\Force.Accessmanagement-afstuderen\Prototype\VeOpenIdConnectClient\VeOpenIdConnectClient\app\app.module.js
D:\Marco\Documenten\Force.Accessmanagement-afstuderen\Prototype\VeOpenIdConnectClient\VeOpenIdConnectClient\app\app.module.js.map
D:\Marco\Documenten\Force.Accessmanagement-afstuderen\Prototype\VeOpenIdConnectClient\VeOpenIdConnectClient\app\main.js
D:\Marco\Documenten\Force.Accessmanagement-afstuderen\Prototype\VeOpenIdConnectClient\VeOpenIdConnectClient\app\main.js.map
D:\Marco\Documenten\Force.Accessmanagement-afstuderen\Prototype\VeOpenIdConnectClient\VeOpenIdConnectClient\app\data.service.js
D:\Marco\Documenten\Force.Accessmanagement-afstuderen\Prototype\VeOpenIdConnectClient\VeOpenIdConnectClient\app\data.service.js.map
D:\Marco\Documenten\Force.Accessmanagement-afstuderen\Prototype\VeOpenIdConnectClient\VeOpenIdConnectClient\app\app.component.js
D:\Marco\Documenten\Force.Accessmanagement-afstuderen\Prototype\VeOpenIdConnectClient\VeOpenIdConnectClient\app\app.component.js.map
D:\Marco\Documenten\Force.Accessmanagement-afstuderen\Prototype\VeOpenIdConnectClient\VeOpenIdConnectClient\app\app.module.js
D:\Marco\Documenten\Force.Accessmanagement-afstuderen\Prototype\VeOpenIdConnectClient\VeOpenIdConnectClient\app\app.module.js.map
D:\Marco\Documenten\Force.Accessmanagement-afstuderen\Prototype\VeOpenIdConnectClient\VeOpenIdConnectClient\app\main.js
D:\Marco\Documenten\Force.Accessmanagement-afstuderen\Prototype\VeOpenIdConnectClient\VeOpenIdConnectClient\app\main.js.map
D:\Marco\Documenten\Force.Accessmanagement-afstuderen\Prototype\VeOpenIdConnectClient\VeOpenIdConnectClient\app\data.service.js
D:\Marco\Documenten\Force.Accessmanagement-afstuderen\Prototype\VeOpenIdConnectClient\VeOpenIdConnectClient\app\data.service.js.map
D:\Marco\Documenten\Force.Accessmanagement-afstuderen\Prototype\VeOpenIdConnectClient\VeOpenIdConnectClient\app\app.component.js
D:\Marco\Documenten\Force.Accessmanagement-afstuderen\Prototype\VeOpenIdConnectClient\VeOpenIdConnectClient\app\app.component.js.map
D:\Marco\Documenten\Force.Accessmanagement-afstuderen\Prototype\VeOpenIdConnectClient\VeOpenIdConnectClient\app\app.module.js
D:\Marco\Documenten\Force.Accessmanagement-afstuderen\Prototype\VeOpenIdConnectClient\VeOpenIdConnectClient\app\app.module.js.map
D:\Marco\Documenten\Force.Accessmanagement-afstuderen\Prototype\VeOpenIdConnectClient\VeOpenIdConnectClient\app\main.js
D:\Marco\Documenten\Force.Accessmanagement-afstuderen\Prototype\VeOpenIdConnectClient\VeOpenIdConnectClient\app\main.js.map
D:\Marco\Documenten\Force.Accessmanagement-afstuderen\Prototype\VeOpenIdConnectClient\VeOpenIdConnectClient\app\data.service.js
D:\Marco\Documenten\Force.Accessmanagement-afstuderen\Prototype\VeOpenIdConnectClient\VeOpenIdConnectClient\app\data.service.js.map
D:\Marco\Documenten\Force.Accessmanagement-afstuderen\Prototype\VeOpenIdConnectClient\VeOpenIdConnectClient\app\app.component.js
D:\Marco\Documenten\Force.Accessmanagement-afstuderen\Prototype\VeOpenIdConnectClient\VeOpenIdConnectClient\app\app.component.js.map
D:\Marco\Documenten\Force.Accessmanagement-afstuderen\Prototype\VeOpenIdConnectClient\VeOpenIdConnectClient\app\app.module.js
D:\Marco\Documenten\Force.Accessmanagement-afstuderen\Prototype\VeOpenIdConnectClient\VeOpenIdConnectClient\app\app.module.js.map
D:\Marco\Documenten\Force.Accessmanagement-afstuderen\Prototype\VeOpenIdConnectClient\VeOpenIdConnectClient\app\main.js
D:\Marco\Documenten\Force.Accessmanagement-afstuderen\Prototype\VeOpenIdConnectClient\VeOpenIdConnectClient\app\main.js.map
D:\Marco\Documenten\Force.Accessmanagement-afstuderen\Prototype\VeOpenIdConnectClient\VeOpenIdConnectClient\app\data.service.js
D:\Marco\Documenten\Force.Accessmanagement-afstuderen\Prototype\VeOpenIdConnectClient\VeOpenIdConnectClient\app\data.service.js.map
D:\Marco\Documenten\Force.Accessmanagement-afstuderen\Prototype\VeOpenIdConnectClient\VeOpenIdConnectClient\app\app.component.js
D:\Marco\Documenten\Force.Accessmanagement-afstuderen\Prototype\VeOpenIdConnectClient\VeOpenIdConnectClient\app\app.component.js.map
D:\Marco\Documenten\Force.Accessmanagement-afstuderen\Prototype\VeOpenIdConnectClient\VeOpenIdConnectClient\app\app.module.js
D:\Marco\Documenten\Force.Accessmanagement-afstuderen\Prototype\VeOpenIdConnectClient\VeOpenIdConnectClient\app\app.module.js.map
D:\Marco\Documenten\Force.Accessmanagement-afstuderen\Prototype\VeOpenIdConnectClient\VeOpenIdConnectClient\app\main.js
D:\Marco\Documenten\Force.Accessmanagement-afstuderen\Prototype\VeOpenIdConnectClient\VeOpenIdConnectClient\app\main.js.map
D:\Marco\Documenten\Force.Accessmanagement-afstuderen\Prototype\VeOpenIdConnectClient\VeOpenIdConnectClient\app\data.service.js
D:\Marco\Documenten\Force.Accessmanagement-afstuderen\Prototype\VeOpenIdConnectClient\VeOpenIdConnectClient\app\data.service.js.map
D:\Marco\Documenten\Force.Accessmanagement-afstuderen\Prototype\VeOpenIdConnectClient\VeOpenIdConnectClient\app\app.component.js
D:\Marco\Documenten\Force.Accessmanagement-afstuderen\Prototype\VeOpenIdConnectClient\VeOpenIdConnectClient\app\app.component.js.map
D:\Marco\Documenten\Force.Accessmanagement-afstuderen\Prototype\VeOpenIdConnectClient\VeOpenIdConnectClient\app\app.module.js
D:\Marco\Documenten\Force.Accessmanagement-afstuderen\Prototype\VeOpenIdConnectClient\VeOpenIdConnectClient\app\app.module.js.map
D:\Marco\Documenten\Force.Accessmanagement-afstuderen\Prototype\VeOpenIdConnectClient\VeOpenIdConnectClient\app\main.js
D:\Marco\Documenten\Force.Accessmanagement-afstuderen\Prototype\VeOpenIdConnectClient\VeOpenIdConnectClient\app\main.js.map
D:\Marco\Documenten\Force.Accessmanagement-afstuderen\Prototype\VeOpenIdConnectClient\VeOpenIdConnectClient\app\data.service.js
D:\Marco\Documenten\Force.Accessmanagement-afstuderen\Prototype\VeOpenIdConnectClient\VeOpenIdConnectClient\app\data.service.js.map
D:\Marco\Documenten\Force.Accessmanagement-afstuderen\Prototype\VeOpenIdConnectClient\VeOpenIdConnectClient\app\app.component.js
D:\Marco\Documenten\Force.Accessmanagement-afstuderen\Prototype\VeOpenIdConnectClient\VeOpenIdConnectClient\app\app.component.js.map
D:\Marco\Documenten\Force.Accessmanagement-afstuderen\Prototype\VeOpenIdConnectClient\VeOpenIdConnectClient\app\app.module.js
D:\Marco\Documenten\Force.Accessmanagement-afstuderen\Prototype\VeOpenIdConnectClient\VeOpenIdConnectClient\app\app.module.js.map
D:\Marco\Documenten\Force.Accessmanagement-afstuderen\Prototype\VeOpenIdConnectClient\VeOpenIdConnectClient\app\main.js
D:\Marco\Documenten\Force.Accessmanagement-afstuderen\Prototype\VeOpenIdConnectClient\VeOpenIdConnectClient\app\main.js.map
D:\Marco\Documenten\Force.Accessmanagement-afstuderen\Prototype\VeOpenIdConnectClient\VeOpenIdConnectClient\app\data.service.js
D:\Marco\Documenten\Force.Accessmanagement-afstuderen\Prototype\VeOpenIdConnectClient\VeOpenIdConnectClient\app\data.service.js.map
D:\Marco\Documenten\Force.Accessmanagement-afstuderen\Prototype\VeOpenIdConnectClient\VeOpenIdConnectClient\app\app.component.js
D:\Marco\Documenten\Force.Accessmanagement-afstuderen\Prototype\VeOpenIdConnectClient\VeOpenIdConnectClient\app\app.component.js.map
D:\Marco\Documenten\Force.Accessmanagement-afstuderen\Prototype\VeOpenIdConnectClient\VeOpenIdConnectClient\app\app.module.js
D:\Marco\Documenten\Force.Accessmanagement-afstuderen\Prototype\VeOpenIdConnectClient\VeOpenIdConnectClient\app\app.module.js.map
D:\Marco\Documenten\Force.Accessmanagement-afstuderen\Prototype\VeOpenIdConnectClient\VeOpenIdConnectClient\app\main.js
D:\Marco\Documenten\Force.Accessmanagement-afstuderen\Prototype\VeOpenIdConnectClient\VeOpenIdConnectClient\app\main.js.map
D:\Marco\Documenten\Force.Accessmanagement-afstuderen\Prototype\VeOpenIdConnectClient\VeOpenIdConnectClient\app\data.service.js
D:\Marco\Documenten\Force.Accessmanagement-afstuderen\Prototype\VeOpenIdConnectClient\VeOpenIdConnectClient\app\data.service.js.map
D:\Marco\Documenten\Force.Accessmanagement-afstuderen\Prototype\VeOpenIdConnectClient\VeOpenIdConnectClient\app\app.component.js
D:\Marco\Documenten\Force.Accessmanagement-afstuderen\Prototype\VeOpenIdConnectClient\VeOpenIdConnectClient\app\app.component.js.map
D:\Marco\Documenten\Force.Accessmanagement-afstuderen\Prototype\VeOpenIdConnectClient\VeOpenIdConnectClient\app\app.module.js
D:\Marco\Documenten\Force.Accessmanagement-afstuderen\Prototype\VeOpenIdConnectClient\VeOpenIdConnectClient\app\app.module.js.map
D:\Marco\Documenten\Force.Accessmanagement-afstuderen\Prototype\VeOpenIdConnectClient\VeOpenIdConnectClient\app\main.js
D:\Marco\Documenten\Force.Accessmanagement-afstuderen\Prototype\VeOpenIdConnectClient\VeOpenIdConnectClient\app\main.js.map
D:\Marco\Documenten\Force.Accessmanagement-afstuderen\Prototype\VeOpenIdConnectClient\VeOpenIdConnectClient\app\data.service.js
D:\Marco\Documenten\Force.Accessmanagement-afstuderen\Prototype\VeOpenIdConnectClient\VeOpenIdConnectClient\app\data.service.js.map
D:\Marco\Documenten\Force.Accessmanagement-afstuderen\Prototype\VeOpenIdConnectClient\VeOpenIdConnectClient\app\app.component.js
D:\Marco\Documenten\Force.Accessmanagement-afstuderen\Prototype\VeOpenIdConnectClient\VeOpenIdConnectClient\app\app.component.js.map
D:\Marco\Documenten\Force.Accessmanagement-afstuderen\Prototype\VeOpenIdConnectClient\VeOpenIdConnectClient\app\app.module.js
D:\Marco\Documenten\Force.Accessmanagement-afstuderen\Prototype\VeOpenIdConnectClient\VeOpenIdConnectClient\app\app.module.js.map
D:\Marco\Documenten\Force.Accessmanagement-afstuderen\Prototype\VeOpenIdConnectClient\VeOpenIdConnectClient\app\main.js
D:\Marco\Documenten\Force.Accessmanagement-afstuderen\Prototype\VeOpenIdConnectClient\VeOpenIdConnectClient\app\main.js.map
D:\Marco\Documenten\Force.Accessmanagement-afstuderen\Prototype\VeOpenIdConnectClient\VeOpenIdConnectClient\app\data.service.js
D:\Marco\Documenten\Force.Accessmanagement-afstuderen\Prototype\VeOpenIdConnectClient\VeOpenIdConnectClient\app\data.service.js.map
D:\Marco\Documenten\Force.Accessmanagement-afstuderen\Prototype\VeOpenIdConnectClient\VeOpenIdConnectClient\app\app.component.js
D:\Marco\Documenten\Force.Accessmanagement-afstuderen\Prototype\VeOpenIdConnectClient\VeOpenIdConnectClient\app\app.component.js.map
D:\Marco\Documenten\Force.Accessmanagement-afstuderen\Prototype\VeOpenIdConnectClient\VeOpenIdConnectClient\app\app.module.js
D:\Marco\Documenten\Force.Accessmanagement-afstuderen\Prototype\VeOpenIdConnectClient\VeOpenIdConnectClient\app\app.module.js.map
D:\Marco\Documenten\Force.Accessmanagement-afstuderen\Prototype\VeOpenIdConnectClient\VeOpenIdConnectClient\app\main.js
D:\Marco\Documenten\Force.Accessmanagement-afstuderen\Prototype\VeOpenIdConnectClient\VeOpenIdConnectClient\app\main.js.map
D:\Marco\Documenten\Force.Accessmanagement-afstuderen\Prototype\VeOpenIdConnectClient\VeOpenIdConnectClient\app\data.service.js
D:\Marco\Documenten\Force.Accessmanagement-afstuderen\Prototype\VeOpenIdConnectClient\VeOpenIdConnectClient\app\data.service.js.map
D:\Marco\Documenten\Force.Accessmanagement-afstuderen\Prototype\VeOpenIdConnectClient\VeOpenIdConnectClient\app\app.component.js
D:\Marco\Documenten\Force.Accessmanagement-afstuderen\Prototype\VeOpenIdConnectClient\VeOpenIdConnectClient\app\app.component.js.map
D:\Marco\Documenten\Force.Accessmanagement-afstuderen\Prototype\VeOpenIdConnectClient\VeOpenIdConnectClient\app\app.module.js
D:\Marco\Documenten\Force.Accessmanagement-afstuderen\Prototype\VeOpenIdConnectClient\VeOpenIdConnectClient\app\app.module.js.map
D:\Marco\Documenten\Force.Accessmanagement-afstuderen\Prototype\VeOpenIdConnectClient\VeOpenIdConnectClient\app\main.js
D:\Marco\Documenten\Force.Accessmanagement-afstuderen\Prototype\VeOpenIdConnectClient\VeOpenIdConnectClient\app\main.js.map
